GROUP,PACKAGE,CLASS,INSTRUCTION_MISSED,INSTRUCTION_COVERED,BRANCH_MISSED,BRANCH_COVERED,LINE_MISSED,LINE_COVERED,COMPLEXITY_MISSED,COMPLEXITY_COVERED,METHOD_MISSED,METHOD_COVERED
org.uma.jmetal:jmetal-problem,org.uma.jmetal.problem.multiobjective.lz09,LZ09F9,128,0,6,0,29,0,6,0,3,0
org.uma.jmetal:jmetal-problem,org.uma.jmetal.problem.multiobjective.lz09,LZ09F5,128,0,6,0,29,0,6,0,3,0
org.uma.jmetal:jmetal-problem,org.uma.jmetal.problem.multiobjective.lz09,LZ09F6,128,0,6,0,29,0,6,0,3,0
org.uma.jmetal:jmetal-problem,org.uma.jmetal.problem.multiobjective.lz09,LZ09F7,128,0,6,0,29,0,6,0,3,0
org.uma.jmetal:jmetal-problem,org.uma.jmetal.problem.multiobjective.lz09,LZ09F8,128,0,6,0,29,0,6,0,3,0
org.uma.jmetal:jmetal-problem,org.uma.jmetal.problem.multiobjective.lz09,LZ09,1337,0,100,0,189,0,56,0,6,0
org.uma.jmetal:jmetal-problem,org.uma.jmetal.problem.multiobjective.lz09,LZ09F1,128,0,6,0,29,0,6,0,3,0
org.uma.jmetal:jmetal-problem,org.uma.jmetal.problem.multiobjective.lz09,LZ09F2,128,0,6,0,29,0,6,0,3,0
org.uma.jmetal:jmetal-problem,org.uma.jmetal.problem.multiobjective.lz09,LZ09F3,128,0,6,0,29,0,6,0,3,0
org.uma.jmetal:jmetal-problem,org.uma.jmetal.problem.multiobjective.lz09,LZ09F4,128,0,6,0,29,0,6,0,3,0
org.uma.jmetal:jmetal-problem,org.uma.jmetal.problem.singleobjective.cec2005competitioncode,F25RotatedHybridComposition4Bound,338,0,4,0,39,0,5,0,3,0
org.uma.jmetal:jmetal-problem,org.uma.jmetal.problem.singleobjective.cec2005competitioncode,F03ShiftedRotatedHighCondElliptic,119,0,2,0,19,0,4,0,3,0
org.uma.jmetal:jmetal-problem,org.uma.jmetal.problem.singleobjective.cec2005competitioncode,F19RotatedHybridComposition2NarrowBasinGlobalOpt,353,0,6,0,41,0,6,0,3,0
org.uma.jmetal:jmetal-problem,org.uma.jmetal.problem.singleobjective.cec2005competitioncode,F21RotatedHybridComposition3.MyHCJob,37,0,6,0,15,0,7,0,2,0
org.uma.jmetal:jmetal-problem,org.uma.jmetal.problem.singleobjective.cec2005competitioncode,F15HybridComposition1,368,0,12,0,44,0,9,0,3,0
org.uma.jmetal:jmetal-problem,org.uma.jmetal.problem.singleobjective.cec2005competitioncode,F22RotatedHybridComposition3HighCondNumMatrix,338,0,4,0,39,0,5,0,3,0
org.uma.jmetal:jmetal-problem,org.uma.jmetal.problem.singleobjective.cec2005competitioncode,F20RotatedHybridComposition2GlobalOptBound.MyHCJob,37,0,6,0,15,0,7,0,2,0
org.uma.jmetal:jmetal-problem,org.uma.jmetal.problem.singleobjective.cec2005competitioncode,F23NoncontinuousRotatedHybridComposition3.MyHCJob,37,0,6,0,15,0,7,0,2,0
org.uma.jmetal:jmetal-problem,org.uma.jmetal.problem.singleobjective.cec2005competitioncode,F02ShiftedSchwefel,47,0,0,0,12,0,3,0,3,0
org.uma.jmetal:jmetal-problem,org.uma.jmetal.problem.singleobjective.cec2005competitioncode,F24RotatedHybridComposition4.MyHCJob,57,0,11,0,25,0,12,0,2,0
org.uma.jmetal:jmetal-problem,org.uma.jmetal.problem.singleobjective.cec2005competitioncode,F04ShiftedSchwefelNoise,57,0,0,0,13,0,3,0,3,0
org.uma.jmetal:jmetal-problem,org.uma.jmetal.problem.singleobjective.cec2005competitioncode,F21RotatedHybridComposition3,338,0,4,0,39,0,5,0,3,0
org.uma.jmetal:jmetal-problem,org.uma.jmetal.problem.singleobjective.cec2005competitioncode,F13ShiftedExpandedGriewankRosenbrock,63,0,2,0,14,0,4,0,3,0
org.uma.jmetal:jmetal-problem,org.uma.jmetal.problem.singleobjective.cec2005competitioncode,F12Schwefel,229,0,12,0,28,0,9,0,3,0
org.uma.jmetal:jmetal-problem,org.uma.jmetal.problem.singleobjective.cec2005competitioncode,F05SchwefelGlobalOptBound,173,0,12,0,26,0,9,0,3,0
org.uma.jmetal:jmetal-problem,org.uma.jmetal.problem.singleobjective.cec2005competitioncode,F01ShiftedSphere,47,0,0,0,12,0,3,0,3,0
org.uma.jmetal:jmetal-problem,org.uma.jmetal.problem.singleobjective.cec2005competitioncode,F18RotatedHybridComposition2.MyHCJob,37,0,6,0,15,0,7,0,2,0
org.uma.jmetal:jmetal-problem,org.uma.jmetal.problem.singleobjective.cec2005competitioncode,F25RotatedHybridComposition4Bound.MyHCJob,57,0,11,0,25,0,12,0,2,0
org.uma.jmetal:jmetal-problem,org.uma.jmetal.problem.singleobjective.cec2005competitioncode,F08ShiftedRotatedAckleyGlobalOptBound,97,0,2,0,18,0,4,0,3,0
org.uma.jmetal:jmetal-problem,org.uma.jmetal.problem.singleobjective.cec2005competitioncode,F11ShiftedRotatedWeierstrass,84,0,0,0,16,0,3,0,3,0
org.uma.jmetal:jmetal-problem,org.uma.jmetal.problem.singleobjective.cec2005competitioncode,F23NoncontinuousRotatedHybridComposition3,359,0,6,0,41,0,6,0,3,0
org.uma.jmetal:jmetal-problem,org.uma.jmetal.problem.singleobjective.cec2005competitioncode,F24RotatedHybridComposition4,338,0,4,0,39,0,5,0,3,0
org.uma.jmetal:jmetal-problem,org.uma.jmetal.problem.singleobjective.cec2005competitioncode,F14ShiftedRotatedExpandedScaffer,84,0,0,0,16,0,3,0,3,0
org.uma.jmetal:jmetal-problem,org.uma.jmetal.problem.singleobjective.cec2005competitioncode,F09ShiftedRastrigin,47,0,0,0,12,0,3,0,3,0
org.uma.jmetal:jmetal-problem,org.uma.jmetal.problem.singleobjective.cec2005competitioncode,F16RotatedHybridComposition1.MyHCJob,37,0,6,0,15,0,7,0,2,0
org.uma.jmetal:jmetal-problem,org.uma.jmetal.problem.singleobjective.cec2005competitioncode,TestFunc,27,0,0,0,10,0,5,0,5,0
org.uma.jmetal:jmetal-problem,org.uma.jmetal.problem.singleobjective.cec2005competitioncode,F17RotatedHybridComposition1Noise.MyHCJob,37,0,6,0,15,0,7,0,2,0
org.uma.jmetal:jmetal-problem,org.uma.jmetal.problem.singleobjective.cec2005competitioncode,F06ShiftedRosenbrock,63,0,2,0,14,0,4,0,3,0
org.uma.jmetal:jmetal-problem,org.uma.jmetal.problem.singleobjective.cec2005competitioncode,F07ShiftedRotatedGriewank,84,0,0,0,16,0,3,0,3,0
org.uma.jmetal:jmetal-problem,org.uma.jmetal.problem.singleobjective.cec2005competitioncode,HCJob,3,0,0,0,2,0,1,0,1,0
org.uma.jmetal:jmetal-problem,org.uma.jmetal.problem.singleobjective.cec2005competitioncode,F22RotatedHybridComposition3HighCondNumMatrix.MyHCJob,37,0,6,0,15,0,7,0,2,0
org.uma.jmetal:jmetal-problem,org.uma.jmetal.problem.singleobjective.cec2005competitioncode,F17RotatedHybridComposition1Noise,348,0,4,0,40,0,5,0,3,0
org.uma.jmetal:jmetal-problem,org.uma.jmetal.problem.singleobjective.cec2005competitioncode,F20RotatedHybridComposition2GlobalOptBound,368,0,8,0,43,0,7,0,3,0
org.uma.jmetal:jmetal-problem,org.uma.jmetal.problem.singleobjective.cec2005competitioncode,Benchmark,1586,0,86,0,255,0,84,0,41,0
org.uma.jmetal:jmetal-problem,org.uma.jmetal.problem.singleobjective.cec2005competitioncode,F15HybridComposition1.MyHCJob,37,0,6,0,15,0,7,0,2,0
org.uma.jmetal:jmetal-problem,org.uma.jmetal.problem.singleobjective.cec2005competitioncode,F10ShiftedRotatedRastrigin,84,0,0,0,16,0,3,0,3,0
org.uma.jmetal:jmetal-problem,org.uma.jmetal.problem.singleobjective.cec2005competitioncode,F16RotatedHybridComposition1,338,0,4,0,39,0,5,0,3,0
org.uma.jmetal:jmetal-problem,org.uma.jmetal.problem.singleobjective.cec2005competitioncode,F19RotatedHybridComposition2NarrowBasinGlobalOpt.MyHCJob,37,0,6,0,15,0,7,0,2,0
org.uma.jmetal:jmetal-problem,org.uma.jmetal.problem.singleobjective.cec2005competitioncode,F18RotatedHybridComposition2,353,0,6,0,41,0,6,0,3,0
org.uma.jmetal:jmetal-problem,org.uma.jmetal.problem.multiobjective.UF,UF10,246,0,10,0,39,0,8,0,3,0
org.uma.jmetal:jmetal-problem,org.uma.jmetal.problem.multiobjective.UF,UF2,262,0,8,0,37,0,7,0,3,0
org.uma.jmetal:jmetal-problem,org.uma.jmetal.problem.multiobjective.UF,UF1,172,0,8,0,33,0,7,0,3,0
org.uma.jmetal:jmetal-problem,org.uma.jmetal.problem.multiobjective.UF,UF4,184,0,8,0,33,0,7,0,3,0
org.uma.jmetal:jmetal-problem,org.uma.jmetal.problem.multiobjective.UF,UF3,206,0,8,0,34,0,7,0,3,0
org.uma.jmetal:jmetal-problem,org.uma.jmetal.problem.multiobjective.UF,UF6,254,0,10,0,41,0,8,0,3,0
org.uma.jmetal:jmetal-problem,org.uma.jmetal.problem.multiobjective.UF,UF5,215,0,8,0,36,0,7,0,3,0
org.uma.jmetal:jmetal-problem,org.uma.jmetal.problem.multiobjective.UF,UF8,239,0,10,0,38,0,8,0,3,0
org.uma.jmetal:jmetal-problem,org.uma.jmetal.problem.multiobjective.UF,UF7,173,0,8,0,33,0,7,0,3,0
org.uma.jmetal:jmetal-problem,org.uma.jmetal.problem.multiobjective.UF,UF9,275,0,12,0,42,0,9,0,3,0
org.uma.jmetal:jmetal-problem,org.uma.jmetal.problem.multiobjective.cdtlz,ConvexC2_DTLZ2,158,0,8,0,30,0,7,0,3,0
org.uma.jmetal:jmetal-problem,org.uma.jmetal.problem.multiobjective.cdtlz,C2_DTLZ2,149,0,12,0,30,0,8,0,2,0
org.uma.jmetal:jmetal-problem,org.uma.jmetal.problem.multiobjective.cdtlz,C3_DTLZ1,108,0,10,0,22,0,7,0,2,0
org.uma.jmetal:jmetal-problem,org.uma.jmetal.problem.multiobjective.cdtlz,C3_DTLZ4,110,0,10,0,22,0,7,0,2,0
org.uma.jmetal:jmetal-problem,org.uma.jmetal.problem.multiobjective.cdtlz,C1_DTLZ3,146,0,6,0,29,0,6,0,3,0
org.uma.jmetal:jmetal-problem,org.uma.jmetal.problem.multiobjective.cdtlz,C1_DTLZ1,95,0,6,0,19,0,5,0,2,0
org.uma.jmetal:jmetal-problem,org.uma.jmetal.problem.multiobjective.dtlz,DTLZ6,230,0,18,0,40,0,12,0,3,0
org.uma.jmetal:jmetal-problem,org.uma.jmetal.problem.multiobjective.dtlz,DTLZ5,236,0,18,0,40,0,12,0,3,0
org.uma.jmetal:jmetal-problem,org.uma.jmetal.problem.multiobjective.dtlz,DTLZ7,185,0,10,0,34,0,8,0,3,0
org.uma.jmetal:jmetal-problem,org.uma.jmetal.problem.multiobjective.dtlz,DTLZ2,198,0,16,0,35,0,11,0,3,0
org.uma.jmetal:jmetal-problem,org.uma.jmetal.problem.multiobjective.dtlz,DTLZ1,208,0,16,0,36,0,11,0,3,0
org.uma.jmetal:jmetal-problem,org.uma.jmetal.problem.multiobjective.dtlz,DTLZ4,200,0,16,0,36,0,11,0,3,0
org.uma.jmetal:jmetal-problem,org.uma.jmetal.problem.multiobjective.dtlz,DTLZ3,214,0,16,0,36,0,11,0,3,0
org.uma.jmetal:jmetal-problem,org.uma.jmetal.problem.multiobjective.zdt,ZDT1,141,0,4,0,31,0,7,0,5,0
org.uma.jmetal:jmetal-problem,org.uma.jmetal.problem.multiobjective.zdt,ZDT2,142,0,4,0,31,0,7,0,5,0
org.uma.jmetal:jmetal-problem,org.uma.jmetal.problem.multiobjective.zdt,ZDT5,150,0,10,0,31,0,13,0,8,0
org.uma.jmetal:jmetal-problem,org.uma.jmetal.problem.multiobjective.zdt,ZDT6,158,0,4,0,32,0,7,0,5,0
org.uma.jmetal:jmetal-problem,org.uma.jmetal.problem.multiobjective.zdt,ZDT3,150,0,4,0,32,0,7,0,5,0
org.uma.jmetal:jmetal-problem,org.uma.jmetal.problem.multiobjective.zdt,ZDT4,158,0,4,0,31,0,7,0,5,0
org.uma.jmetal:jmetal-problem,org.uma.jmetal.problem.multiobjective.cec2015OptBigDataCompetition,BigOpt2015,843,0,76,0,155,0,49,0,11,0
org.uma.jmetal:jmetal-problem,org.uma.jmetal.problem.singleobjective,NIntegerMin,88,0,4,0,21,0,5,0,3,0
org.uma.jmetal:jmetal-problem,org.uma.jmetal.problem.singleobjective,CEC2005Problem,138,0,12,0,47,0,11,0,2,0
org.uma.jmetal:jmetal-problem,org.uma.jmetal.problem.singleobjective,Griewank,122,0,6,0,25,0,5,0,2,0
org.uma.jmetal:jmetal-problem,org.uma.jmetal.problem.singleobjective,Rosenbrock,121,0,6,0,24,0,5,0,2,0
org.uma.jmetal:jmetal-problem,org.uma.jmetal.problem.singleobjective,Sphere,99,0,6,0,24,0,6,0,3,0
org.uma.jmetal:jmetal-problem,org.uma.jmetal.problem.singleobjective,Rastrigin,117,0,6,0,25,0,5,0,2,0
org.uma.jmetal:jmetal-problem,org.uma.jmetal.problem.singleobjective,TSP,307,0,20,0,59,0,14,0,4,0
org.uma.jmetal:jmetal-problem,org.uma.jmetal.problem.singleobjective,OneMax,71,0,6,0,19,0,8,0,5,0
org.uma.jmetal:jmetal-problem,org.uma.jmetal.problem.multiobjective.mop,MOP7,200,0,4,0,31,0,6,0,4,0
org.uma.jmetal:jmetal-problem,org.uma.jmetal.problem.multiobjective.mop,MOP5,156,0,4,0,27,0,6,0,4,0
org.uma.jmetal:jmetal-problem,org.uma.jmetal.problem.multiobjective.mop,MOP6,189,0,4,0,29,0,6,0,4,0
org.uma.jmetal:jmetal-problem,org.uma.jmetal.problem.multiobjective.mop,MOP3,162,0,4,0,27,0,6,0,4,0
org.uma.jmetal:jmetal-problem,org.uma.jmetal.problem.multiobjective.mop,MOP4,170,0,4,0,28,0,6,0,4,0
org.uma.jmetal:jmetal-problem,org.uma.jmetal.problem.multiobjective.mop,MOP1,155,0,4,0,27,0,6,0,4,0
org.uma.jmetal:jmetal-problem,org.uma.jmetal.problem.multiobjective.mop,MOP2,160,0,4,0,27,0,6,0,4,0
org.uma.jmetal:jmetal-problem,org.uma.jmetal.problem.multiobjective.glt,GLT6,216,0,4,0,34,0,6,0,4,0
org.uma.jmetal:jmetal-problem,org.uma.jmetal.problem.multiobjective.glt,GLT5,204,0,4,0,33,0,6,0,4,0
org.uma.jmetal:jmetal-problem,org.uma.jmetal.problem.multiobjective.glt,GLT2,149,0,4,0,25,0,6,0,4,0
org.uma.jmetal:jmetal-problem,org.uma.jmetal.problem.multiobjective.glt,GLT1,145,0,4,0,26,0,6,0,4,0
org.uma.jmetal:jmetal-problem,org.uma.jmetal.problem.multiobjective.glt,GLT4,154,0,4,0,27,0,6,0,4,0
org.uma.jmetal:jmetal-problem,org.uma.jmetal.problem.multiobjective.glt,GLT3,162,0,6,0,27,0,7,0,4,0
org.uma.jmetal:jmetal-problem,org.uma.jmetal.problem.multiobjective.wfg,WFG2,456,0,20,0,63,0,17,0,7,0
org.uma.jmetal:jmetal-problem,org.uma.jmetal.problem.multiobjective.wfg,WFG1,448,0,22,0,65,0,19,0,8,0
org.uma.jmetal:jmetal-problem,org.uma.jmetal.problem.multiobjective.wfg,WFG6,310,0,16,0,46,0,14,0,6,0
org.uma.jmetal:jmetal-problem,org.uma.jmetal.problem.multiobjective.wfg,WFG5,333,0,18,0,49,0,15,0,6,0
org.uma.jmetal:jmetal-problem,org.uma.jmetal.problem.multiobjective.wfg,WFG4,333,0,18,0,49,0,15,0,6,0
org.uma.jmetal:jmetal-problem,org.uma.jmetal.problem.multiobjective.wfg,WFG3,425,0,20,0,62,0,17,0,7,0
org.uma.jmetal:jmetal-problem,org.uma.jmetal.problem.multiobjective.wfg,WFG9,418,0,22,0,62,0,18,0,7,0
org.uma.jmetal:jmetal-problem,org.uma.jmetal.problem.multiobjective.wfg,WFG8,418,0,22,0,65,0,18,0,7,0
org.uma.jmetal:jmetal-problem,org.uma.jmetal.problem.multiobjective.wfg,WFG7,423,0,22,0,65,0,18,0,7,0
org.uma.jmetal:jmetal-problem,org.uma.jmetal.problem.multiobjective.wfg,Transformations,439,0,24,0,48,0,22,0,10,0
org.uma.jmetal:jmetal-problem,org.uma.jmetal.problem.multiobjective.wfg,Shapes,220,0,12,0,28,0,12,0,6,0
org.uma.jmetal:jmetal-problem,org.uma.jmetal.problem.multiobjective.wfg,WFG,247,0,22,0,43,0,17,0,6,0
org.uma.jmetal:jmetal-problem,org.uma.jmetal.problem.multiobjective.ebes,Ebes,26856,0,835,0,3065,0,559,0,137,0
org.uma.jmetal:jmetal-problem,org.uma.jmetal.problem.multiobjective,Srinivas,204,0,6,0,37,0,6,0,3,0
org.uma.jmetal:jmetal-problem,org.uma.jmetal.problem.multiobjective,Kursawe,175,0,8,0,31,0,7,0,3,0
org.uma.jmetal:jmetal-problem,org.uma.jmetal.problem.multiobjective,Viennet2,225,0,6,0,24,0,5,0,2,0
org.uma.jmetal:jmetal-problem,org.uma.jmetal.problem.multiobjective,Tanaka,176,0,6,0,32,0,6,0,3,0
org.uma.jmetal:jmetal-problem,org.uma.jmetal.problem.multiobjective,Viennet4,316,0,10,0,41,0,8,0,3,0
org.uma.jmetal:jmetal-problem,org.uma.jmetal.problem.multiobjective,Viennet3,210,0,6,0,27,0,5,0,2,0
org.uma.jmetal:jmetal-problem,org.uma.jmetal.problem.multiobjective,Golinski,518,0,4,0,57,0,5,0,3,0
org.uma.jmetal:jmetal-problem,org.uma.jmetal.problem.multiobjective,NMMin2,161,0,6,0,32,0,7,0,4,0
org.uma.jmetal:jmetal-problem,org.uma.jmetal.problem.multiobjective,NMMin,8,99,0,4,2,23,1,4,1,2
org.uma.jmetal:jmetal-problem,org.uma.jmetal.problem.multiobjective,FourBarTruss,211,0,2,0,31,0,3,0,2,0
org.uma.jmetal:jmetal-problem,org.uma.jmetal.problem.multiobjective,MultiobjectiveTSP,336,0,20,0,64,0,14,0,4,0
org.uma.jmetal:jmetal-problem,org.uma.jmetal.problem.multiobjective,Schaffer,87,0,2,0,19,0,3,0,2,0
org.uma.jmetal:jmetal-problem,org.uma.jmetal.problem.multiobjective,ConstrEx,175,0,4,0,32,0,5,0,3,0
org.uma.jmetal:jmetal-problem,org.uma.jmetal.problem.multiobjective,Fonseca,157,0,8,0,31,0,6,0,2,0
org.uma.jmetal:jmetal-problem,org.uma.jmetal.problem.multiobjective,OneZeroMax,82,0,6,0,22,0,8,0,5,0
org.uma.jmetal:jmetal-problem,org.uma.jmetal.problem.multiobjective,Binh2,236,0,6,0,35,0,6,0,3,0
org.uma.jmetal:jmetal-problem,org.uma.jmetal.problem.multiobjective,Osyczka2,375,0,4,0,46,0,5,0,3,0
org.uma.jmetal:jmetal-problem,org.uma.jmetal.problem.multiobjective,Water,420,0,8,0,49,0,8,0,4,0
