<?xml version="1.0" encoding="UTF-8" ?>
<testsuite tests="36" failures="0" name="org.uma.jmetal.util.front.imp.FrontUtilsTest" time="0.022" errors="0" skipped="0">
  <properties>
[...]
</properties>
  <testcase classname="org.uma.jmetal.util.front.imp.FrontUtilsTest" name="shouldConvertFrontToArrayRaiseAnExceptionIfTheFrontIsNull" time="0"/>
  <testcase classname="org.uma.jmetal.util.front.imp.FrontUtilsTest" name="shouldDistanceToNearestPointRaiseAnExceptionIfTheFrontIsNull" time="0.001"/>
  <testcase classname="org.uma.jmetal.util.front.imp.FrontUtilsTest" name="shouldGetMinimumValuesWithAFrontWithOnePointReturnTheCorrectValue" time="0.008"/>
  <testcase classname="org.uma.jmetal.util.front.imp.FrontUtilsTest" name="shouldConvertFrontToSolutionListRaiseAnExceptionIfTheFrontIsNull" time="0"/>
  <testcase classname="org.uma.jmetal.util.front.imp.FrontUtilsTest" name="shouldDistanceToNearestPointReturnTheCorrectValueIfTheFrontHasHasOnePoint" time="0"/>
  <testcase classname="org.uma.jmetal.util.front.imp.FrontUtilsTest" name="shouldConvertFrontToSolutionListReturnTheCorrectListCaseA" time="0.001"/>
  <testcase classname="org.uma.jmetal.util.front.imp.FrontUtilsTest" name="shouldConvertFrontToSolutionListReturnTheCorrectListCaseB" time="0"/>
  <testcase classname="org.uma.jmetal.util.front.imp.FrontUtilsTest" name="shouldDistanceToNearestPointReturnMaxDoubleIfThePointIsTheOnlyPointInTheFront" time="0"/>
  <testcase classname="org.uma.jmetal.util.front.imp.FrontUtilsTest" name="shouldDistanceToNearestPointReturnTheCorrectValueIfTheFrontHasTwoPointsCaseA" time="0"/>
  <testcase classname="org.uma.jmetal.util.front.imp.FrontUtilsTest" name="shouldGetMaximumValuesWithAFrontWithThreePointReturnTheCorrectValue" time="0"/>
  <testcase classname="org.uma.jmetal.util.front.imp.FrontUtilsTest" name="shouldGetMaximumValuesRaiseAnExceptionIfTheFrontIsEmpty" time="0"/>
  <testcase classname="org.uma.jmetal.util.front.imp.FrontUtilsTest" name="shouldGetInvertedFrontRaiseAnExceptionIfTheFrontIsEmpty" time="0"/>
  <testcase classname="org.uma.jmetal.util.front.imp.FrontUtilsTest" name="shouldDistanceToNearestPointClosestTheCorrectValueIfTheFrontHasTwoPointsCaseA" time="0.001"/>
  <testcase classname="org.uma.jmetal.util.front.imp.FrontUtilsTest" name="shouldDistanceToNearestPointClosestTheCorrectValueIfTheFrontHasTwoPointsCaseB" time="0"/>
  <testcase classname="org.uma.jmetal.util.front.imp.FrontUtilsTest" name="shouldDistanceToNearestPointClosestTheCorrectValueIfTheFrontHasTwoPointsCaseC" time="0"/>
  <testcase classname="org.uma.jmetal.util.front.imp.FrontUtilsTest" name="shouldConvertFrontToArrayReturnTheCorrectArrayCaseA" time="0"/>
  <testcase classname="org.uma.jmetal.util.front.imp.FrontUtilsTest" name="shouldConvertFrontToArrayReturnTheCorrectArrayCaseB" time="0.001"/>
  <testcase classname="org.uma.jmetal.util.front.imp.FrontUtilsTest" name="shouldGetMinimumValuesWithAFrontWithThreePointReturnTheCorrectValue" time="0"/>
  <testcase classname="org.uma.jmetal.util.front.imp.FrontUtilsTest" name="shouldDistanceToClosestPointRaiseAnExceptionIfThePointIsNull" time="0.001"/>
  <testcase classname="org.uma.jmetal.util.front.imp.FrontUtilsTest" name="shouldDistanceToClosestPointReturnMaxZeroIfThePointIsTheOnlyPointInTheFront" time="0"/>
  <testcase classname="org.uma.jmetal.util.front.imp.FrontUtilsTest" name="shouldDistanceToNearestPointRaiseAnExceptionIfTheFrontIsEmpty" time="0"/>
  <testcase classname="org.uma.jmetal.util.front.imp.FrontUtilsTest" name="shouldGetInvertedFrontReturnTheCorrectFrontIfItComposedOfFourPoints" time="0.001"/>
  <testcase classname="org.uma.jmetal.util.front.imp.FrontUtilsTest" name="shouldGetInvertedFrontRaiseAnExceptionIfTheFrontIsNull" time="0"/>
  <testcase classname="org.uma.jmetal.util.front.imp.FrontUtilsTest" name="shouldConvertFrontToArrayReturnAnEmptyArrayIfTheFrontIsEmpty" time="0"/>
  <testcase classname="org.uma.jmetal.util.front.imp.FrontUtilsTest" name="shouldGetMinimumValuesRaiseAnExceptionIfTheFrontIsEmpty" time="0.001"/>
  <testcase classname="org.uma.jmetal.util.front.imp.FrontUtilsTest" name="shouldDistanceToNearestPointRaiseAnExceptionIfThePointIsNull" time="0.001"/>
  <testcase classname="org.uma.jmetal.util.front.imp.FrontUtilsTest" name="shouldGetMaximumValuesRaiseAnExceptionIfTheFrontIsNull" time="0"/>
  <testcase classname="org.uma.jmetal.util.front.imp.FrontUtilsTest" name="shouldConvertFrontToSolutionListReturnAnEmptyListIfTheFrontIsEmpty" time="0.001"/>
  <testcase classname="org.uma.jmetal.util.front.imp.FrontUtilsTest" name="shouldGetInvertedFrontReturnTheCorrectFrontIfItComposedOfOnePointCaseA" time="0"/>
  <testcase classname="org.uma.jmetal.util.front.imp.FrontUtilsTest" name="shouldGetInvertedFrontReturnTheCorrectFrontIfItComposedOfOnePointCaseB" time="0"/>
  <testcase classname="org.uma.jmetal.util.front.imp.FrontUtilsTest" name="shouldGetInvertedFrontReturnTheCorrectFrontIfItComposedOfOnePointCaseC" time="0"/>
  <testcase classname="org.uma.jmetal.util.front.imp.FrontUtilsTest" name="shouldDistanceToClosestPointRaiseAnExceptionIfTheFrontIsEmpty" time="0"/>
  <testcase classname="org.uma.jmetal.util.front.imp.FrontUtilsTest" name="shouldGetMinimumValuesRaiseAnExceptionIfTheFrontIsNull" time="0"/>
  <testcase classname="org.uma.jmetal.util.front.imp.FrontUtilsTest" name="shouldGetMaximumValuesWithAFrontWithOnePointReturnTheCorrectValue" time="0"/>
  <testcase classname="org.uma.jmetal.util.front.imp.FrontUtilsTest" name="shouldDistanceToClosestPointRaiseAnExceptionIfTheFrontIsNull" time="0"/>
  <testcase classname="org.uma.jmetal.util.front.imp.FrontUtilsTest" name="shouldDistanceToClosestPointReturnTheCorrectValueIfTheFrontHasHasOnePoint" time="0.005"/>
</testsuite>