GROUP,PACKAGE,CLASS,INSTRUCTION_MISSED,INSTRUCTION_COVERED,BRANCH_MISSED,BRANCH_COVERED,LINE_MISSED,LINE_COVERED,COMPLEXITY_MISSED,COMPLEXITY_COVERED,METHOD_MISSED,METHOD_COVERED
org.uma.jmetal:jmetal-core,org.uma.jmetal.util.naming.impl,SimpleDescribedEntity,0,40,0,0,0,16,0,8,0,8
org.uma.jmetal:jmetal-core,org.uma.jmetal.util.naming.impl,DescribedEntitySet.new Comparator() {...},0,18,0,2,0,3,0,3,0,2
org.uma.jmetal:jmetal-core,org.uma.jmetal.util.naming.impl,DescribedEntitySet,87,75,2,4,18,14,14,7,13,5
org.uma.jmetal:jmetal-core,org.uma.jmetal.util.comparator.impl,OverallConstraintViolationComparator,58,15,17,1,13,5,9,2,0,2
org.uma.jmetal:jmetal-core,org.uma.jmetal.util.comparator.impl,ViolationThresholdComparator,227,0,28,0,40,0,20,0,6,0
org.uma.jmetal:jmetal-core,org.uma.jmetal.util.fileoutput.impl,DefaultFileOutputContext,43,0,0,0,14,0,5,0,5,0
org.uma.jmetal:jmetal-core,org.uma.jmetal.measure.impl,SimpleMeasureManager,8,131,2,10,2,36,2,16,0,12
org.uma.jmetal:jmetal-core,org.uma.jmetal.measure.impl,CountingMeasure,15,116,2,6,4,36,3,13,1,11
org.uma.jmetal:jmetal-core,org.uma.jmetal.measure.impl,PullPushMeasure,64,0,0,0,18,0,9,0,9,0
org.uma.jmetal:jmetal-core,org.uma.jmetal.measure.impl,SimpleMeasure,0,12,0,0,0,6,0,3,0,3
org.uma.jmetal:jmetal-core,org.uma.jmetal.measure.impl,SimplePushMeasure,9,46,0,2,2,13,1,6,1,5
org.uma.jmetal:jmetal-core,org.uma.jmetal.measure.impl,CountingMeasure.new MeasureListener() {...},0,10,0,0,0,3,0,2,0,2
org.uma.jmetal:jmetal-core,org.uma.jmetal.measure.impl,SimplePullMeasure,0,12,0,0,0,6,0,3,0,3
org.uma.jmetal:jmetal-core,org.uma.jmetal.measure.impl,MeasureFactory.new SimplePullMeasure() {...},5,19,0,0,2,2,0,2,0,2
org.uma.jmetal:jmetal-core,org.uma.jmetal.measure.impl,MeasureFactory.new Runnable() {...},45,90,3,11,6,24,3,6,0,2
org.uma.jmetal:jmetal-core,org.uma.jmetal.measure.impl,MeasureFactory.new SimplePullMeasure() {...},6,21,0,0,2,2,0,2,0,2
org.uma.jmetal:jmetal-core,org.uma.jmetal.measure.impl,DurationMeasure,1,65,2,6,0,20,2,8,0,6
org.uma.jmetal:jmetal-core,org.uma.jmetal.measure.impl,MeasureFactory.new MeasureListener() {...},0,15,0,0,0,3,0,2,0,2
org.uma.jmetal:jmetal-core,org.uma.jmetal.measure.impl,MeasureFactory.new PullMeasure() {...},8,28,0,0,2,5,2,3,2,3
org.uma.jmetal:jmetal-core,org.uma.jmetal.measure.impl,MeasureFactory,0,173,0,12,0,31,0,11,0,5
org.uma.jmetal:jmetal-core,org.uma.jmetal.measure.impl,BasicMeasure,16,0,0,0,7,0,4,0,4,0
org.uma.jmetal:jmetal-core,org.uma.jmetal.measure.impl,LastEvaluationMeasure.Evaluation,0,3,0,0,0,1,0,1,0,1
org.uma.jmetal:jmetal-core,org.uma.jmetal.measure.impl,LastEvaluationMeasure,0,19,0,0,0,7,0,2,0,2
org.uma.jmetal:jmetal-core,org.uma.jmetal.measure.impl,ListenerTimeMeasure,6,133,2,14,1,33,2,12,0,6
org.uma.jmetal:jmetal-core,org.uma.jmetal.measure.impl,ListenerTimeMeasure.new MeasureManager() {...},26,0,0,0,4,0,4,0,4,0
org.uma.jmetal:jmetal-core,org.uma.jmetal.measure.impl,ListenerTimeMeasure.new MeasureManager() {...},13,34,1,1,2,7,2,3,1,3
org.uma.jmetal:jmetal-core,org.uma.jmetal.measure.impl,ListenerTimeMeasure.new PushMeasure() {...},16,17,0,0,4,3,2,3,2,3
org.uma.jmetal:jmetal-core,org.uma.jmetal.measure.impl,ListenerTimeMeasure.new MeasureListener() {...},0,36,0,0,0,6,0,2,0,2
org.uma.jmetal:jmetal-core,org.uma.jmetal.util.archive.impl,HypervolumeArchive,57,0,2,0,14,0,6,0,5,0
org.uma.jmetal:jmetal-core,org.uma.jmetal.util.archive.impl,CrowdingDistanceArchive,54,0,2,0,14,0,6,0,5,0
org.uma.jmetal:jmetal-core,org.uma.jmetal.util.archive.impl,NonDominatedSolutionListArchive.MockedDoubleProblem1,142,0,4,0,30,0,7,0,5,0
org.uma.jmetal:jmetal-core,org.uma.jmetal.util.archive.impl,AbstractBoundedArchive,35,22,4,0,9,7,5,4,3,4
org.uma.jmetal:jmetal-core,org.uma.jmetal.util.archive.impl,NonDominatedSolutionListArchive,45,132,3,21,10,38,3,17,1,7
org.uma.jmetal:jmetal-core,org.uma.jmetal.util.archive.impl,AdaptiveGridArchive,153,24,17,1,43,7,14,2,5,2
org.uma.jmetal:jmetal-core,org.uma.jmetal.util.comparator,ObjectiveComparator,0,110,0,12,0,24,0,9,0,3
org.uma.jmetal:jmetal-core,org.uma.jmetal.util.comparator,DominanceComparator,0,129,0,20,0,37,0,16,0,6
org.uma.jmetal:jmetal-core,org.uma.jmetal.util.comparator,HypervolumeContributionComparator,69,0,14,0,20,0,9,0,2,0
org.uma.jmetal:jmetal-core,org.uma.jmetal.util.comparator,RankingComparator,0,67,0,14,0,20,0,9,0,2
org.uma.jmetal:jmetal-core,org.uma.jmetal.util.comparator,RankingAndCrowdingDistanceComparator,0,29,0,2,0,7,0,3,0,2
org.uma.jmetal:jmetal-core,org.uma.jmetal.util.comparator,ObjectiveComparator.Ordering,9,29,0,0,0,1,2,2,2,2
org.uma.jmetal:jmetal-core,org.uma.jmetal.util.comparator,EqualSolutionsComparator,11,64,6,16,5,21,5,8,0,2
org.uma.jmetal:jmetal-core,org.uma.jmetal.util.comparator,CrowdingDistanceComparator,0,69,0,14,0,20,0,9,0,2
org.uma.jmetal:jmetal-core,org.uma.jmetal.util.comparator,StrengthFitnessComparator,69,0,14,0,20,0,9,0,2,0
org.uma.jmetal:jmetal-core,org.uma.jmetal.util.comparator,FitnessComparator,44,0,8,0,13,0,6,0,2,0
org.uma.jmetal:jmetal-core,org.uma.jmetal.util.point.impl,ArrayPoint,80,234,8,28,22,48,7,24,2,11
org.uma.jmetal:jmetal-core,org.uma.jmetal.util,SolutionListUtils,487,242,59,37,85,55,41,26,11,8
org.uma.jmetal:jmetal-core,org.uma.jmetal.util,JMetalException,16,4,0,0,6,2,2,1,2,1
org.uma.jmetal:jmetal-core,org.uma.jmetal.util,AlgorithmRunner,10,0,0,0,4,0,2,0,2,0
org.uma.jmetal:jmetal-core,org.uma.jmetal.util,ProblemUtils,51,0,0,0,14,0,2,0,2,0
org.uma.jmetal:jmetal-core,org.uma.jmetal.util,JMetalLogger,92,0,4,0,28,0,5,0,3,0
org.uma.jmetal:jmetal-core,org.uma.jmetal.util,AlgorithmRunner.Executor,37,0,0,0,12,0,2,0,2,0
org.uma.jmetal:jmetal-core,org.uma.jmetal.util,AdaptiveGrid,533,246,63,21,86,47,43,21,10,12
org.uma.jmetal:jmetal-core,org.uma.jmetal.util,SolutionUtils,65,99,8,8,14,17,8,10,3,7
org.uma.jmetal:jmetal-core,org.uma.jmetal.solution.impl,DefaultDoubleSolution,6,97,0,6,1,18,1,9,1,6
org.uma.jmetal:jmetal-core,org.uma.jmetal.solution.impl,DefaultIntegerPermutationSolution,14,80,1,7,2,15,2,6,1,3
org.uma.jmetal:jmetal-core,org.uma.jmetal.solution.impl,AbstractGenericSolution,101,152,10,10,15,34,9,14,1,12
org.uma.jmetal:jmetal-core,org.uma.jmetal.solution.impl,ArrayDoubleSolution,79,153,10,12,14,27,16,11,8,8
org.uma.jmetal:jmetal-core,org.uma.jmetal.solution.impl,ObjectiveFactory.new SolutionEvaluator.Objective() {...},30,21,0,0,5,2,2,2,2,2
org.uma.jmetal:jmetal-core,org.uma.jmetal.solution.impl,DefaultIntegerDoubleSolution,161,0,10,0,28,0,14,0,9,0
org.uma.jmetal:jmetal-core,org.uma.jmetal.solution.impl,DefaultBinarySolution,0,177,0,16,0,33,0,16,0,8
org.uma.jmetal:jmetal-core,org.uma.jmetal.solution.impl,VariableFactory,9,408,9,43,2,69,9,24,0,7
org.uma.jmetal:jmetal-core,org.uma.jmetal.solution.impl,DefaultDoubleBinarySolution,177,0,10,0,38,0,18,0,13,0
org.uma.jmetal:jmetal-core,org.uma.jmetal.solution.impl,DefaultIntegerSolution,6,97,0,6,1,18,1,9,1,6
org.uma.jmetal:jmetal-core,org.uma.jmetal.solution.impl,VariableFactory.new SolutionBuilder.Variable() {...},30,24,0,0,5,3,2,3,2,3
org.uma.jmetal:jmetal-core,org.uma.jmetal.solution.impl,VariableFactory.IsInterfaceException,0,13,0,0,0,2,0,1,0,1
org.uma.jmetal:jmetal-core,org.uma.jmetal.solution.impl,ObjectiveFactory,1,202,10,22,0,37,10,12,0,6
org.uma.jmetal:jmetal-core,org.uma.jmetal.operator.impl.selection,NaryRandomSelection,0,56,0,6,0,12,0,6,0,3
org.uma.jmetal:jmetal-core,org.uma.jmetal.operator.impl.selection,RandomSelection,27,0,4,0,7,0,4,0,2,0
org.uma.jmetal:jmetal-core,org.uma.jmetal.operator.impl.selection,BinaryTournamentSelection,0,12,0,0,0,4,0,2,0,2
org.uma.jmetal:jmetal-core,org.uma.jmetal.operator.impl.selection,RankingAndCrowdingSelection,146,22,13,3,29,7,12,3,5,2
org.uma.jmetal:jmetal-core,org.uma.jmetal.operator.impl.selection,RankingAndPreferenceSelection,272,0,28,0,55,0,22,0,8,0
org.uma.jmetal:jmetal-core,org.uma.jmetal.operator.impl.selection,BestSolutionSelection,48,0,8,0,12,0,6,0,2,0
org.uma.jmetal:jmetal-core,org.uma.jmetal.operator.impl.selection,NaryTournamentSelection,0,80,0,8,0,17,0,7,0,3
org.uma.jmetal:jmetal-core,org.uma.jmetal.operator.impl.selection,DifferentialEvolutionSelection,0,156,0,20,0,26,0,15,0,5
org.uma.jmetal:jmetal-core,org.uma.jmetal.operator.impl.selection,TournamentSelection,0,71,1,7,0,18,1,6,0,3
org.uma.jmetal:jmetal-core,org.uma.jmetal.qualityindicator.impl.hypervolume,WFGHypervolume,316,196,28,16,61,32,24,10,8,4
org.uma.jmetal:jmetal-core,org.uma.jmetal.qualityindicator.impl.hypervolume,PISAHypervolume,486,14,47,1,105,5,38,2,14,2
org.uma.jmetal:jmetal-core,org.uma.jmetal.util.pseudorandom.impl,Well44497bGenerator,55,0,0,0,14,0,8,0,8,0
org.uma.jmetal:jmetal-core,org.uma.jmetal.util.pseudorandom.impl,AuditableRandomGenerator,19,97,0,2,6,19,4,7,4,6
org.uma.jmetal:jmetal-core,org.uma.jmetal.util.pseudorandom.impl,MersenneTwisterGenerator,55,0,0,0,14,0,8,0,8,0
org.uma.jmetal:jmetal-core,org.uma.jmetal.util.pseudorandom.impl,ExtendedPseudoRandomGenerator,238,0,14,0,44,0,17,0,10,0
org.uma.jmetal:jmetal-core,org.uma.jmetal.util.pseudorandom.impl,AuditableRandomGenerator.Audit,0,28,0,0,0,8,0,4,0,4
org.uma.jmetal:jmetal-core,org.uma.jmetal.util.pseudorandom.impl,AuditableRandomGenerator.RandomMethod,9,39,0,0,0,2,2,2,2,2
org.uma.jmetal:jmetal-core,org.uma.jmetal.util.pseudorandom.impl,JavaRandomGenerator,13,42,0,0,5,9,3,5,3,5
org.uma.jmetal:jmetal-core,org.uma.jmetal.util.pseudorandom.impl,AuditableRandomGenerator.Bounds,0,15,0,0,0,4,0,1,0,1
org.uma.jmetal:jmetal-core,org.uma.jmetal.solution.util,RepairDoubleSolutionAtRandom,0,72,0,6,0,13,0,7,0,4
org.uma.jmetal:jmetal-core,org.uma.jmetal.solution.util,RepairDoubleSolutionAtBounds,0,41,0,6,0,9,0,5,0,2
org.uma.jmetal:jmetal-core,org.uma.jmetal.util.neighborhood.impl,WeightVectorNeighborhood,77,254,5,15,24,50,3,18,0,11
org.uma.jmetal:jmetal-core,org.uma.jmetal.util.neighborhood.impl,AdaptiveRandomNeighborhood,0,243,0,20,0,42,0,18,0,8
org.uma.jmetal:jmetal-core,org.uma.jmetal.util.neighborhood.impl,C9,0,130,0,0,0,11,0,2,0,2
org.uma.jmetal:jmetal-core,org.uma.jmetal.util.neighborhood.impl,L5,0,70,0,0,0,7,0,2,0,2
org.uma.jmetal:jmetal-core,org.uma.jmetal.util.chartcontainer,ChartContainer,633,0,18,0,124,0,37,0,28,0
org.uma.jmetal:jmetal-core,org.uma.jmetal.qualityindicator.impl,InvertedGenerationalDistance,78,0,2,0,19,0,10,0,9,0
org.uma.jmetal:jmetal-core,org.uma.jmetal.qualityindicator.impl,Hypervolume,8,7,0,0,4,4,3,2,3,2
org.uma.jmetal:jmetal-core,org.uma.jmetal.qualityindicator.impl,R2,155,153,13,7,22,41,9,13,2,10
org.uma.jmetal:jmetal-core,org.uma.jmetal.qualityindicator.impl,ErrorRatio,20,103,2,16,6,27,2,12,1,4
org.uma.jmetal:jmetal-core,org.uma.jmetal.qualityindicator.impl,SetCoverage,0,83,0,12,0,21,0,10,0,4
org.uma.jmetal:jmetal-core,org.uma.jmetal.qualityindicator.impl,InvertedGenerationalDistancePlus,13,48,0,4,7,9,5,5,5,3
org.uma.jmetal:jmetal-core,org.uma.jmetal.qualityindicator.impl,Epsilon,13,100,1,19,7,26,5,13,4,4
org.uma.jmetal:jmetal-core,org.uma.jmetal.qualityindicator.impl,GenerationalDistance,71,14,3,1,16,5,9,2,7,2
org.uma.jmetal:jmetal-core,org.uma.jmetal.qualityindicator.impl,GeneralizedSpread,174,0,12,0,35,0,14,0,8,0
org.uma.jmetal:jmetal-core,org.uma.jmetal.qualityindicator.impl,GenericIndicator,31,27,4,2,11,9,4,4,2,3
org.uma.jmetal:jmetal-core,org.uma.jmetal.qualityindicator.impl,Spread,146,0,6,0,28,0,11,0,8,0
org.uma.jmetal:jmetal-core,org.uma.jmetal.util.referencePoint,ReferencePoint,0,4,0,0,0,2,0,1,0,1
org.uma.jmetal:jmetal-core,org.uma.jmetal.algorithm.impl,AbstractCoralReefsOptimization.Coordinate,86,0,10,0,26,0,12,0,7,0
org.uma.jmetal:jmetal-core,org.uma.jmetal.algorithm.impl,AbstractCoralReefsOptimization,236,0,8,0,57,0,20,0,16,0
org.uma.jmetal:jmetal-core,org.uma.jmetal.algorithm.impl,AbstractEvolutionStrategy,9,0,0,0,4,0,2,0,2,0
org.uma.jmetal:jmetal-core,org.uma.jmetal.algorithm.impl,AbstractEvolutionaryAlgorithm,56,0,2,0,17,0,7,0,6,0
org.uma.jmetal:jmetal-core,org.uma.jmetal.algorithm.impl,AbstractParticleSwarmOptimization,67,0,2,0,19,0,5,0,4,0
org.uma.jmetal:jmetal-core,org.uma.jmetal.algorithm.impl,AbstractScatterSearch,86,0,8,0,28,0,11,0,7,0
org.uma.jmetal:jmetal-core,org.uma.jmetal.algorithm.impl,AbstractGeneticAlgorithm,166,0,12,0,36,0,16,0,10,0
org.uma.jmetal:jmetal-core,org.uma.jmetal.algorithm.impl,AbstractDifferentialEvolution,3,0,0,0,1,0,1,0,1,0
org.uma.jmetal:jmetal-core,org.uma.jmetal.operator.impl.crossover,SinglePointCrossover,15,247,0,14,6,40,4,14,4,7
org.uma.jmetal:jmetal-core,org.uma.jmetal.operator.impl.crossover,DifferentialEvolutionCrossover,543,184,55,11,81,31,40,11,12,6
org.uma.jmetal:jmetal-core,org.uma.jmetal.operator.impl.crossover,BLXAlphaCrossover,20,256,0,14,8,47,5,15,5,8
org.uma.jmetal:jmetal-core,org.uma.jmetal.operator.impl.crossover,SBXCrossover,21,424,0,24,8,64,5,20,5,8
org.uma.jmetal:jmetal-core,org.uma.jmetal.operator.impl.crossover,HUXCrossover,87,71,9,5,14,15,10,6,4,5
org.uma.jmetal:jmetal-core,org.uma.jmetal.operator.impl.crossover,IntegerSBXCrossover,361,83,25,7,55,18,21,6,6,5
org.uma.jmetal:jmetal-core,org.uma.jmetal.operator.impl.crossover,TwoPointCrossover,25,0,0,0,7,0,5,0,5,0
org.uma.jmetal:jmetal-core,org.uma.jmetal.operator.impl.crossover,NPointCrossover,191,0,22,0,41,0,18,0,7,0
org.uma.jmetal:jmetal-core,org.uma.jmetal.operator.impl.crossover,PMXCrossover,48,306,6,22,10,50,11,14,5,6
org.uma.jmetal:jmetal-core,org.uma.jmetal.operator.impl.crossover,NullCrossover,22,32,2,2,4,7,4,2,2,2
org.uma.jmetal:jmetal-core,org.uma.jmetal.util.distance.impl,EuclideanDistanceBetweenSolutionAndASolutionListInObjectiveSpace,35,0,4,0,9,0,4,0,2,0
org.uma.jmetal:jmetal-core,org.uma.jmetal.util.distance.impl,EuclideanDistanceBetweenSolutionsInSolutionSpace,34,0,2,0,6,0,3,0,2,0
org.uma.jmetal:jmetal-core,org.uma.jmetal.util.distance.impl,EuclideanDistanceBetweenSolutionsInObjectiveSpace,30,0,2,0,6,0,3,0,2,0
org.uma.jmetal:jmetal-core,org.uma.jmetal.util.distance.impl,CosineDistanceBetweenSolutionsInObjectiveSpace,0,74,0,4,0,13,0,5,0,3
org.uma.jmetal:jmetal-core,org.uma.jmetal.util.experiment,Experiment,130,0,4,0,39,0,18,0,16,0
org.uma.jmetal:jmetal-core,org.uma.jmetal.util.experiment,ExperimentBuilder,119,0,0,0,39,0,23,0,23,0
org.uma.jmetal:jmetal-core,org.uma.jmetal.util.evaluator.impl,MultithreadedSolutionListEvaluator,67,0,4,0,16,0,8,0,6,0
org.uma.jmetal:jmetal-core,org.uma.jmetal.util.evaluator.impl,SequentialSolutionListEvaluator,32,0,2,0,9,0,6,0,5,0
org.uma.jmetal:jmetal-core,org.uma.jmetal.util.referencePoint.impl,NadirPoint,25,45,2,8,4,10,2,5,0,2
org.uma.jmetal:jmetal-core,org.uma.jmetal.util.referencePoint.impl,IdealPoint,25,45,2,8,4,10,2,5,0,2
org.uma.jmetal:jmetal-core,org.uma.jmetal.util.neighborhood.util,TwoDimensionalMesh,23,207,1,19,1,39,1,16,0,7
org.uma.jmetal:jmetal-core,org.uma.jmetal.operator.impl.mutation,BitFlipMutation,4,86,0,10,2,18,1,11,1,6
org.uma.jmetal:jmetal-core,org.uma.jmetal.operator.impl.mutation,NonUniformMutation,58,157,5,9,17,29,12,9,8,6
org.uma.jmetal:jmetal-core,org.uma.jmetal.operator.impl.mutation,PolynomialMutation,29,251,0,14,9,46,4,17,4,10
org.uma.jmetal:jmetal-core,org.uma.jmetal.operator.impl.mutation,IntegerPolynomialMutation,8,269,0,14,4,46,2,17,2,10
org.uma.jmetal:jmetal-core,org.uma.jmetal.operator.impl.mutation,NullMutation,5,0,0,0,3,0,2,0,2,0
org.uma.jmetal:jmetal-core,org.uma.jmetal.operator.impl.mutation,UniformMutation,20,105,1,9,7,22,5,9,4,5
org.uma.jmetal:jmetal-core,org.uma.jmetal.operator.impl.mutation,PermutationSwapMutation,44,123,7,9,8,23,10,7,3,6
org.uma.jmetal:jmetal-core,org.uma.jmetal.operator.impl.mutation,SimpleRandomMutation,25,75,2,6,5,16,4,7,2,5
org.uma.jmetal:jmetal-core,org.uma.jmetal.util.experiment.component,ExecuteAlgorithms,114,0,12,0,29,0,12,0,6,0
org.uma.jmetal:jmetal-core,org.uma.jmetal.util.experiment.component,GenerateReferenceParetoSetAndFrontFromDoubleSolutions,440,0,26,0,78,0,21,0,8,0
org.uma.jmetal:jmetal-core,org.uma.jmetal.util.experiment.component,GenerateWilcoxonTestTablesWithR,1010,0,18,0,110,0,17,0,8,0
org.uma.jmetal:jmetal-core,org.uma.jmetal.util.experiment.component,ComputeQualityIndicators.new Comparator() {...},36,0,4,0,6,0,4,0,2,0
org.uma.jmetal:jmetal-core,org.uma.jmetal.util.experiment.component,GenerateReferenceParetoFront,269,0,16,0,49,0,12,0,4,0
org.uma.jmetal:jmetal-core,org.uma.jmetal.util.experiment.component,ComputeQualityIndicators,754,0,28,0,100,0,19,0,5,0
org.uma.jmetal:jmetal-core,org.uma.jmetal.util.experiment.component,GenerateFriedmanTestTables.new Comparator() {...},36,0,4,0,6,0,4,0,2,0
org.uma.jmetal:jmetal-core,org.uma.jmetal.util.experiment.component,GenerateReferenceParetoSetAndFrontFromDoubleSolutions.DummyProblem,46,0,2,0,12,0,3,0,2,0
org.uma.jmetal:jmetal-core,org.uma.jmetal.util.experiment.component,GenerateLatexTablesWithStatistics,1297,0,68,0,186,0,43,0,9,0
org.uma.jmetal:jmetal-core,org.uma.jmetal.util.experiment.component,GenerateFriedmanTestTables,819,0,54,0,127,0,39,0,12,0
org.uma.jmetal:jmetal-core,org.uma.jmetal.util.experiment.component,GenerateBoxplotsWithR,374,0,14,0,54,0,12,0,5,0
org.uma.jmetal:jmetal-core,org.uma.jmetal.util.point.util.comparator,PointDimensionComparator,0,107,0,14,0,20,0,9,0,2
org.uma.jmetal:jmetal-core,org.uma.jmetal.util.point.util.comparator,LexicographicalPointComparator,0,73,1,17,0,18,1,10,0,2
org.uma.jmetal:jmetal-core,org.uma.jmetal.util.point.util.comparator,PointComparator,2,101,1,17,0,24,1,13,0,5
org.uma.jmetal:jmetal-core,org.uma.jmetal.util.solutionattribute.impl,PreferenceDistance,339,0,24,0,62,0,17,0,5,0
org.uma.jmetal:jmetal-core,org.uma.jmetal.util.solutionattribute.impl,CrowdingDistance,0,194,0,14,0,31,0,10,0,3
org.uma.jmetal:jmetal-core,org.uma.jmetal.util.solutionattribute.impl,Fitness,3,0,0,0,1,0,1,0,1,0
org.uma.jmetal:jmetal-core,org.uma.jmetal.util.solutionattribute.impl,GenericSolutionAttribute,0,27,0,0,0,10,0,5,0,5
org.uma.jmetal:jmetal-core,org.uma.jmetal.util.solutionattribute.impl,OverallConstraintViolation,0,3,0,0,0,1,0,1,0,1
org.uma.jmetal:jmetal-core,org.uma.jmetal.util.solutionattribute.impl,DistanceToSolutionListAttribute,3,0,0,0,1,0,1,0,1,0
org.uma.jmetal:jmetal-core,org.uma.jmetal.util.solutionattribute.impl,HypervolumeContributionAttribute,3,0,0,0,1,0,1,0,1,0
org.uma.jmetal:jmetal-core,org.uma.jmetal.util.solutionattribute.impl,DominanceRanking,29,307,2,30,4,53,3,19,1,5
org.uma.jmetal:jmetal-core,org.uma.jmetal.util.solutionattribute.impl,LocationAttribute,23,0,2,0,5,0,2,0,1,0
org.uma.jmetal:jmetal-core,org.uma.jmetal.util.solutionattribute.impl,StrengthRawFitness,125,0,14,0,19,0,10,0,3,0
org.uma.jmetal:jmetal-core,org.uma.jmetal.util.solutionattribute.impl,NumberOfViolatedConstraints,3,0,0,0,1,0,1,0,1,0
org.uma.jmetal:jmetal-core,org.uma.jmetal.util.front.imp,ArrayFront,39,474,0,54,9,110,1,40,1,13
org.uma.jmetal:jmetal-core,org.uma.jmetal.util.binarySet,BinarySet,0,10,0,0,0,4,0,2,0,2
org.uma.jmetal:jmetal-core,org.uma.jmetal.qualityindicator.impl.hypervolume.util,WfgHypervolumeVersion,788,0,71,0,138,0,48,0,12,0
org.uma.jmetal:jmetal-core,org.uma.jmetal.qualityindicator.impl.hypervolume.util,WfgHypervolumeFront,51,0,6,0,18,0,10,0,7,0
org.uma.jmetal:jmetal-core,org.uma.jmetal.util.experiment.util,ExperimentProblem,25,0,0,0,10,0,4,0,4,0
org.uma.jmetal:jmetal-core,org.uma.jmetal.util.experiment.util,ExperimentAlgorithm,161,0,4,0,28,0,8,0,6,0
org.uma.jmetal:jmetal-core,org.uma.jmetal.util.pseudorandom,RandomGenerator,0,40,0,0,0,5,0,5,0,5
org.uma.jmetal:jmetal-core,org.uma.jmetal.util.pseudorandom,RandomGenerator.new RandomGenerator() {...},0,20,0,2,0,4,0,3,0,2
org.uma.jmetal:jmetal-core,org.uma.jmetal.util.pseudorandom,JMetalRandom,13,39,0,2,4,12,3,8,3,7
org.uma.jmetal:jmetal-core,org.uma.jmetal.util.pseudorandom,BoundedRandomGenerator,0,47,0,0,0,5,0,5,0,5
org.uma.jmetal:jmetal-core,org.uma.jmetal.operator.impl.localsearch,BasicLocalSearch,63,106,7,7,14,29,8,6,3,4
org.uma.jmetal:jmetal-core,org.uma.jmetal.operator.impl.localsearch,ArchiveMutationLocalSearch,157,0,12,0,41,0,11,0,5,0
org.uma.jmetal:jmetal-core,org.uma.jmetal.util.point.util.distance,DominanceDistance,0,69,0,8,0,13,0,6,0,2
org.uma.jmetal:jmetal-core,org.uma.jmetal.util.point.util.distance,EuclideanDistance,0,65,0,8,0,12,0,6,0,2
org.uma.jmetal:jmetal-core,org.uma.jmetal.util.fileinput.util,ReadDoubleDataFile,105,0,8,0,26,0,6,0,2,0
org.uma.jmetal:jmetal-core,org.uma.jmetal.problem.impl,AbstractBinaryProblem,0,30,0,2,0,7,0,5,0,4
org.uma.jmetal:jmetal-core,org.uma.jmetal.problem.impl,AbstractIntegerDoubleProblem,37,0,0,0,13,0,9,0,9,0
org.uma.jmetal:jmetal-core,org.uma.jmetal.problem.impl,AbstractIntegerProblem,0,28,0,0,0,8,0,6,0,6
org.uma.jmetal:jmetal-core,org.uma.jmetal.problem.impl,AbstractGenericProblem,3,40,0,0,1,16,1,8,1,8
org.uma.jmetal:jmetal-core,org.uma.jmetal.problem.impl,AbstractIntegerPermutationProblem,0,8,0,0,0,2,0,2,0,2
org.uma.jmetal:jmetal-core,org.uma.jmetal.problem.impl,AbstractDoubleProblem,0,28,0,0,0,8,0,6,0,6
org.uma.jmetal:jmetal-core,org.uma.jmetal.util.front.util,FrontNormalizer,24,216,2,22,6,36,2,16,0,6
org.uma.jmetal:jmetal-core,org.uma.jmetal.util.front.util,FrontUtils,8,461,3,73,2,88,4,44,1,9
org.uma.jmetal:jmetal-core,org.uma.jmetal.util.extremevalues.impl,FrontExtremeValues,149,0,24,0,27,0,15,0,3,0
org.uma.jmetal:jmetal-core,org.uma.jmetal.util.extremevalues.impl,SolutionListExtremeValues,21,0,0,0,3,0,3,0,3,0
org.uma.jmetal:jmetal-core,org.uma.jmetal.util.point.util,PointSolution,27,142,2,14,6,39,2,23,1,16
org.uma.jmetal:jmetal-core,org.uma.jmetal.util.fileoutput,SolutionListOutput,335,0,24,0,72,0,24,0,12,0
